
> service-butler-ai@0.1.0 operator-healthcheck
> mkdir -p .tmp/operator && npx tsc scripts/operator-healthcheck.ts --target ES2022 --module commonjs --moduleResolution node --esModuleInterop --skipLibCheck --outDir .tmp/operator && node .tmp/operator/operator-healthcheck.js


Service Butler Operator Healthcheck

[PASS] supabase_env: Supabase URL + service role key present.
[PASS] supabase_local_runtime: Local Supabase endpoint is reachable at 127.0.0.1:54321.
[PASS] webhook_secret: WEBHOOK_SHARED_SECRET configured.
[PASS] supabase_connectivity: Supabase connectivity OK.
[PASS] table:v2_tenants: Table reachable.
[PASS] table:v2_tenant_memberships: Table reachable.
[PASS] table:v2_territories: Table reachable.
[PASS] table:v2_data_sources: Table reachable.
[PASS] table:v2_connector_runs: Table reachable.
[PASS] table:v2_source_events: Table reachable.
[PASS] table:v2_opportunities: Table reachable.
[PASS] table:v2_assignments: Table reachable.
[PASS] table:v2_leads: Table reachable.
[PASS] table:v2_outreach_events: Table reachable.
[PASS] table:v2_jobs: Table reachable.
[PASS] table:v2_job_attributions: Table reachable.
[PASS] feature_flags: SB_USE_V2_WRITES=true and SB_USE_V2_READS=true.
[PASS] operator_tenant: Operator tenant found (8e479ab5-58a2-4fef-ad9a-4d88b6f05d45).
[PASS] territories: Active territories: 2.
[PASS] data_sources: Active data sources: 9.
[PASS] twilio: Twilio explicitly disabled (SB_DISABLE_TWILIO=true).
[PASS] hubspot: HubSpot explicitly disabled (SB_DISABLE_HUBSPOT=true).
[WARN] inngest: Inngest config is incomplete (missing keys and/or NEXT_PUBLIC_APP_URL).
       remediation: Set INNGEST_EVENT_KEY, INNGEST_SIGNING_KEY, and NEXT_PUBLIC_APP_URL.

Healthcheck passed: 22 pass, 1 warning(s), 0 failures.
